\BOOKMARK [1][-]{section.1}{Introduction}{}% 1
\BOOKMARK [2][-]{subsection.1.1}{Report\040Overview}{section.1}% 2
\BOOKMARK [2][-]{subsection.1.2}{Special\040Specification}{section.1}% 3
\BOOKMARK [1][-]{section.2}{Project\040Overview}{}% 4
\BOOKMARK [2][-]{subsection.2.1}{Website\040Overview}{section.2}% 5
\BOOKMARK [2][-]{subsection.2.2}{Project\040Structure}{section.2}% 6
\BOOKMARK [3][-]{subsubsection.2.2.1}{Website\040Structure}{subsection.2.2}% 7
\BOOKMARK [3][-]{subsubsection.2.2.2}{Directory\040Structure}{subsection.2.2}% 8
\BOOKMARK [3][-]{subsubsection.2.2.3}{Request\040Process\040Procedure:\040Page\040framework\040&\040Page\040Content}{subsection.2.2}% 9
\BOOKMARK [2][-]{subsection.2.3}{Project\040Organization}{section.2}% 10
\BOOKMARK [3][-]{subsubsection.2.3.1}{Workload\040Division}{subsection.2.3}% 11
\BOOKMARK [3][-]{subsubsection.2.3.2}{Collaboration\040with\040Git\040and\040Github}{subsection.2.3}% 12
\BOOKMARK [3][-]{subsubsection.2.3.3}{Third\040party\040packages\040and\040libraries}{subsection.2.3}% 13
\BOOKMARK [3][-]{subsubsection.2.3.4}{Website\040Deploy}{subsection.2.3}% 14
\BOOKMARK [1][-]{section.3}{Frontend\040Implementation}{}% 15
\BOOKMARK [2][-]{subsection.3.1}{Overview}{section.3}% 16
\BOOKMARK [2][-]{subsection.3.2}{UI\040Design}{section.3}% 17
\BOOKMARK [2][-]{subsection.3.3}{Data\040Visualization}{section.3}% 18
\BOOKMARK [1][-]{section.4}{Functionality\040Implementation}{}% 19
\BOOKMARK [2][-]{subsection.4.1}{Backend\040Implementation}{section.4}% 20
\BOOKMARK [2][-]{subsection.4.2}{Visualization\040Implementation}{section.4}% 21
\BOOKMARK [2][-]{subsection.4.3}{Label\040Extraction}{section.4}% 22
\BOOKMARK [2][-]{subsection.4.4}{Paper\040Recommendation}{section.4}% 23
\BOOKMARK [1][-]{section.5}{Future\040Work}{}% 24
\BOOKMARK [1][-]{section.6}{Conclusion}{}% 25
